Determining if the pthread_create exist failed with the following output:
Change Dir: /home/kr/DockerData/git/ROS_practice/ROS2_cpp/test_pub/build_test/CMakeFiles/CMakeTmp

Run Build Command:"/usr/bin/make" "cmTC_d9e1b/fast"
/usr/bin/make -f CMakeFiles/cmTC_d9e1b.dir/build.make CMakeFiles/cmTC_d9e1b.dir/build
make[1]: Entering directory '/home/kr/DockerData/git/ROS_practice/ROS2_cpp/test_pub/build_test/CMakeFiles/CMakeTmp'
Building C object CMakeFiles/cmTC_d9e1b.dir/CheckSymbolExists.c.o
/usr/bin/cc    -o CMakeFiles/cmTC_d9e1b.dir/CheckSymbolExists.c.o   -c /home/kr/DockerData/git/ROS_practice/ROS2_cpp/test_pub/build_test/CMakeFiles/CMakeTmp/CheckSymbolExists.c
Linking C executable cmTC_d9e1b
/usr/bin/cmake -E cmake_link_script CMakeFiles/cmTC_d9e1b.dir/link.txt --verbose=1
/usr/bin/cc      CMakeFiles/cmTC_d9e1b.dir/CheckSymbolExists.c.o  -o cmTC_d9e1b 
CMakeFiles/cmTC_d9e1b.dir/CheckSymbolExists.c.o: In function `main':
CheckSymbolExists.c:(.text+0x1b): undefined reference to `pthread_create'
collect2: error: ld returned 1 exit status
CMakeFiles/cmTC_d9e1b.dir/build.make:97: recipe for target 'cmTC_d9e1b' failed
make[1]: *** [cmTC_d9e1b] Error 1
make[1]: Leaving directory '/home/kr/DockerData/git/ROS_practice/ROS2_cpp/test_pub/build_test/CMakeFiles/CMakeTmp'
Makefile:126: recipe for target 'cmTC_d9e1b/fast' failed
make: *** [cmTC_d9e1b/fast] Error 2

File /home/kr/DockerData/git/ROS_practice/ROS2_cpp/test_pub/build_test/CMakeFiles/CMakeTmp/CheckSymbolExists.c:
/* */
#include <pthread.h>

int main(int argc, char** argv)
{
  (void)argv;
#ifndef pthread_create
  return ((int*)(&pthread_create))[argc];
#else
  (void)argc;
  return 0;
#endif
}

Determining if the function pthread_create exists in the pthreads failed with the following output:
Change Dir: /home/kr/DockerData/git/ROS_practice/ROS2_cpp/test_pub/build_test/CMakeFiles/CMakeTmp

Run Build Command:"/usr/bin/make" "cmTC_3d462/fast"
/usr/bin/make -f CMakeFiles/cmTC_3d462.dir/build.make CMakeFiles/cmTC_3d462.dir/build
make[1]: Entering directory '/home/kr/DockerData/git/ROS_practice/ROS2_cpp/test_pub/build_test/CMakeFiles/CMakeTmp'
Building C object CMakeFiles/cmTC_3d462.dir/CheckFunctionExists.c.o
/usr/bin/cc   -DCHECK_FUNCTION_EXISTS=pthread_create   -o CMakeFiles/cmTC_3d462.dir/CheckFunctionExists.c.o   -c /usr/share/cmake-3.10/Modules/CheckFunctionExists.c
Linking C executable cmTC_3d462
/usr/bin/cmake -E cmake_link_script CMakeFiles/cmTC_3d462.dir/link.txt --verbose=1
/usr/bin/cc  -DCHECK_FUNCTION_EXISTS=pthread_create    CMakeFiles/cmTC_3d462.dir/CheckFunctionExists.c.o  -o cmTC_3d462 -lpthreads 
/usr/bin/ld: cannot find -lpthreads
collect2: error: ld returned 1 exit status
CMakeFiles/cmTC_3d462.dir/build.make:97: recipe for target 'cmTC_3d462' failed
make[1]: *** [cmTC_3d462] Error 1
make[1]: Leaving directory '/home/kr/DockerData/git/ROS_practice/ROS2_cpp/test_pub/build_test/CMakeFiles/CMakeTmp'
Makefile:126: recipe for target 'cmTC_3d462/fast' failed
make: *** [cmTC_3d462/fast] Error 2


